    1  sudo apt install gcc
    2  gcc -v
    3  sudo gcc -v
    4  man sudo_root
    5  sudo apt install make
    6  cd cs149-test
    7  cd Destop
    8  cd Desktopcd cs149-test
    9  cd Desktop
   10  cd cs149-test
   11  cd WS1-test
   12  touch lab1_15.c
   13  cd ~ ~
   14  cd ~
   15  gcc lab1_15.c -o lab1_15.c
   16  gcc lab1_15.c -o lab1_15
   17  ./lab1_15
   18  gcc lab1_16.c -o lab1_16
   19  ./lab1_16
   20  gcc lab1_17.c -o lab1_17
   21  gcc lab1_17.c -o lab1.17
   22  gcc lab1_17.c -o lab1_17
   23  ./lab1_17
   24  gcc lab1_18.c -o lab1_18
   25  ./lab1_18
   26  ./lab1_19
   27  gcc lab1_19.c -o lab1_19
   28  ./lab1_19
   29  gcc lab1_20.c -o l20
   30  ./l20
   31  pwd
   32  ls -latr
   33  cd Desktopmkdir cs149
   34  cd Desktop
   35  mkdir cs149
   36  cd cs149
   37  git init
   38  git remote add origin https://github.com/VyDinhhh/CS149_VyDinh.git
   39  git config --global  user.email ivydinhh@gmail.com
   40  git config --global user.name VyDinhhh
   41  mkdir WS1
   42  cd WS1
   43  git add .
   44  wget -O output.pdf https://tinyurl.com/yy94jltt
   45  ls -latr
   46  history > cmds.log
