    1  sudo apt install gcc
    2  gcc -v
    3  sudo gcc -v
    4  man sudo_root
    5  sudo apt install make
    6  cd cs149-test
    7  cd Destop
    8  cd Desktopcd cs149-test
    9  cd Desktop
   10  cd cs149-test
   11  cd WS1-test
   12  touch lab1_15.c
   13  cd ~ ~
   14  cd ~
   15  gcc lab1_15.c -o lab1_15.c
   16  gcc lab1_15.c -o lab1_15
   17  ./lab1_15
   18  gcc lab1_16.c -o lab1_16
   19  ./lab1_16
   20  gcc lab1_17.c -o lab1_17
   21  gcc lab1_17.c -o lab1.17
   22  gcc lab1_17.c -o lab1_17
   23  ./lab1_17
   24  gcc lab1_18.c -o lab1_18
   25  ./lab1_18
   26  ./lab1_19
   27  gcc lab1_19.c -o lab1_19
   28  ./lab1_19
   29  gcc lab1_20.c -o l20
   30  ./l20
   31  pwd
   32  ls -latr
   33  cd Desktopmkdir cs149
   34  cd Desktop
   35  mkdir cs149
   36  cd cs149
   37  git init
   38  git remote add origin https://github.com/VyDinhhh/CS149_VyDinh.git
   39  git config --global  user.email ivydinhh@gmail.com
   40  git config --global user.name VyDinhhh
   41  mkdir WS1
   42  cd WS1
   43  git add .
   44  wget -O output.pdf https://tinyurl.com/yy94jltt
   45  ls -latr
   46  history > cmds.log
   47  git add cmds.log *.c
   48  git commit -m "First commit-Class 1 hand on work sheet" -a
   49  git branh
   50  git branch
   51  git push -u origin master
   52  git clone https://VyDinhhh@github.com
   53  cd Desktop
   54  cd cs149
   55  mkdir W4
   56  cd W4
   57  gedit lab6_20.c
   58  ls -latr
   59  ls
   60  gcc -o lab6_20.c l6
   61  gcc lab6_20.c -o l6
   62  ls
   63  cd ..
   64  mkdir WS4
   65  cd WS4
   66  gedit lab6_20.c
   67  ls
   68  gcc lab6_20.c -o l6
   69  gcc lab6_20.c -o l20
   70  ./l20
   71  gedit lab6_30.c
   72  gcc lab6_30.c -o l30
   73  ./l30
   74  cd ..
   75  wget http://www.apuebook.com/src.3e.tar.gz
   76  gunzip src.3e.tar.gz
   77  tar xvf src.3e.tar
   78  cd apue.3e
   79  cd proc
   80  make all
   81  ./fork1
   82  ./fork2
   83  cd ..
   84  cd Desktop
   85  cd cs149
   86  cd WS4
   87  pwd
   88  pstree
   89  ps -a -f -x | more
   90  ps -a -f -x
   91  top
   92  man kill
   93  echo $?
   94  echo $$
   95  history > worksheet4.log
